<?xml version="1.0" encoding="UTF-8"?>
<!-- Generated by org.testng.reporters.JUnitXMLReporter -->
<testsuite hostname="W2707941HFG8X" ignored="0" name="ChromeTest" tests="5" failures="1" timestamp="06 Nov 2019 05:34:39 GMT" time="127.582" errors="0">
  <testcase name="A_Welcome" time="19.756" classname="com.test.MiniBA.ExecutionSet_1"/>
  <testcase name="B_SignORSignup" time="46.769" classname="com.test.MiniBA.ExecutionSet_1">
    <failure type="org.openqa.selenium.TimeoutException" message="Expected condition failed: waiting for visibility of element located by By.id: interstitialButton (tried for 30 second(s) with 500 milliseconds interval)">
      <![CDATA[org.openqa.selenium.TimeoutException: Expected condition failed: waiting for visibility of element located by By.id: interstitialButton (tried for 30 second(s) with 500 milliseconds interval)
	at org.openqa.selenium.support.ui.WebDriverWait.timeoutException(WebDriverWait.java:81)
	at org.openqa.selenium.support.ui.FluentWait.until(FluentWait.java:271)
	at com.test.MiniBA.ExecutionSet_1.B_SignORSignup(ExecutionSet_1.java:140)
Caused by: org.openqa.selenium.NoSuchElementException: Cannot locate an element using By.id: interstitialButton
For documentation on this error, please visit: http://seleniumhq.org/exceptions/no_such_element.html
Build info: version: '3.12.0', revision: '7c6e0b3', time: '2018-05-08T14:04:26.12Z'
System info: host: 'W2707941HFG8X', ip: '192.168.128.2', os.name: 'Windows 10', os.arch: 'amd64', os.version: '10.0', java.version: '1.8.0_202'
Driver info: driver.version: unknown
	at org.openqa.selenium.support.ui.ExpectedConditions.lambda$findElement$0(ExpectedConditions.java:896)
	at java.util.Optional.orElseThrow(Unknown Source)
	at org.openqa.selenium.support.ui.ExpectedConditions.findElement(ExpectedConditions.java:895)
	at org.openqa.selenium.support.ui.ExpectedConditions.access$000(ExpectedConditions.java:44)
	at org.openqa.selenium.support.ui.ExpectedConditions$7.apply(ExpectedConditions.java:206)
	at org.openqa.selenium.support.ui.ExpectedConditions$7.apply(ExpectedConditions.java:202)
	at org.openqa.selenium.support.ui.FluentWait.until(FluentWait.java:248)
	... 26 more
... Removed 25 stack frames]]>
    </failure>
  </testcase> <!-- B_SignORSignup -->
  <testcase name="C_DashBoard" time="5.417" classname="com.test.MiniBA.ExecutionSet_1"/>
  <testcase name="D_Subscription" time="16.172" classname="com.test.MiniBA.ExecutionSet_1"/>
  <testcase name="E_SignOut" time="21.364" classname="com.test.MiniBA.ExecutionSet_1"/>
</testsuite> <!-- ChromeTest -->
