<html>
<head>
<title>TestNG:  ChromeTest</title>
<link href="../testng.css" rel="stylesheet" type="text/css" />
<link href="../my-testng.css" rel="stylesheet" type="text/css" />

<style type="text/css">
.log { display: none;} 
.stack-trace { display: none;} 
</style>
<script type="text/javascript">
<!--
function flip(e) {
  current = e.style.display;
  if (current == 'block') {
    e.style.display = 'none';
    return 0;
  }
  else {
    e.style.display = 'block';
    return 1;
  }
}

function toggleBox(szDivId, elem, msg1, msg2)
{
  var res = -1;  if (document.getElementById) {
    res = flip(document.getElementById(szDivId));
  }
  else if (document.all) {
    // this is the way old msie versions work
    res = flip(document.all[szDivId]);
  }
  if(elem) {
    if(res == 0) elem.innerHTML = msg1; else elem.innerHTML = msg2;
  }

}

function toggleAllBoxes() {
  if (document.getElementsByTagName) {
    d = document.getElementsByTagName('div');
    for (i = 0; i < d.length; i++) {
      if (d[i].className == 'log') {
        flip(d[i]);
      }
    }
  }
}

// -->
</script>

</head>
<body>
<h2 align='center'>ChromeTest</h2><table border='1' align="center">
<tr>
<td>Tests passed/Failed/Skipped:</td><td>4/1/0</td>
</tr><tr>
<td>Started on:</td><td>Wed Nov 06 11:02:31 IST 2019</td>
</tr>
<tr><td>Total time:</td><td>127 seconds (127582 ms)</td>
</tr><tr>
<td>Included groups:</td><td></td>
</tr><tr>
<td>Excluded groups:</td><td></td>
</tr>
</table><p/>
<small><i>(Hover the method name to see the test class name)</i></small><p/>
<table width='100%' border='1' class='invocation-failed'>
<tr><td colspan='4' align='center'><b>FAILED TESTS</b></td></tr>
<tr><td><b>Test method</b></td>
<td width="30%"><b>Exception</b></td>
<td width="10%"><b>Time (seconds)</b></td>
<td><b>Instance</b></td>
</tr>
<tr>
<td title='com.test.MiniBA.ExecutionSet_1.B_SignORSignup()'><b>B_SignORSignup</b><br>Test class: com.test.MiniBA.ExecutionSet_1<br/>
<a href="#Output-1336775847" onClick='toggleBox("Output-1336775847", this, "Show output", "Hide output");'>Show output</a>

<a href="#Output-1336775847" onClick="toggleAllBoxes();">Show all outputs</a>
<div class='log' id="Output-1336775847">
UserName: UN_20191106110309@selenium.com<br/>
</div>
</td>
<td><div><pre>org.openqa.selenium.TimeoutException: Expected condition failed: waiting for visibility of element located by By.id: interstitialButton (tried for 30 second(s) with 500 milliseconds interval)
	at org.openqa.selenium.support.ui.WebDriverWait.timeoutException(WebDriverWait.java:81)
	at org.openqa.selenium.support.ui.FluentWait.until(FluentWait.java:271)
	at com.test.MiniBA.ExecutionSet_1.B_SignORSignup(ExecutionSet_1.java:140)
Caused by: org.openqa.selenium.NoSuchElementException: Cannot locate an element using By.id: interstitialButton
For documentation on this error, please visit: http://seleniumhq.org/exceptions/no_such_element.html
Build info: version: &apos;3.12.0&apos;, revision: &apos;7c6e0b3&apos;, time: &apos;2018-05-08T14:04:26.12Z&apos;
System info: host: &apos;W2707941HFG8X&apos;, ip: &apos;192.168.128.2&apos;, os.name: &apos;Windows 10&apos;, os.arch: &apos;amd64&apos;, os.version: &apos;10.0&apos;, java.version: &apos;1.8.0_202&apos;
Driver info: driver.version: unknown
	at org.openqa.selenium.support.ui.ExpectedConditions.lambda$findElement$0(ExpectedConditions.java:896)
	at java.util.Optional.orElseThrow(Unknown Source)
	at org.openqa.selenium.support.ui.ExpectedConditions.findElement(ExpectedConditions.java:895)
	at org.openqa.selenium.support.ui.ExpectedConditions.access$000(ExpectedConditions.java:44)
	at org.openqa.selenium.support.ui.ExpectedConditions$7.apply(ExpectedConditions.java:206)
	at org.openqa.selenium.support.ui.ExpectedConditions$7.apply(ExpectedConditions.java:202)
	at org.openqa.selenium.support.ui.FluentWait.until(FluentWait.java:248)
	... 26 more
... Removed 25 stack frames</pre></div><a href='#' onClick='toggleBox("stack-trace1336775847", this, "Click to show all stack frames", "Click to hide stack frames")'>Click to show all stack frames</a>
<div class='stack-trace' id='stack-trace1336775847'><pre>org.openqa.selenium.TimeoutException: Expected condition failed: waiting for visibility of element located by By.id: interstitialButton (tried for 30 second(s) with 500 milliseconds interval)
	at org.openqa.selenium.support.ui.WebDriverWait.timeoutException(WebDriverWait.java:81)
	at org.openqa.selenium.support.ui.FluentWait.until(FluentWait.java:271)
	at com.test.MiniBA.ExecutionSet_1.B_SignORSignup(ExecutionSet_1.java:140)
	at sun.reflect.NativeMethodAccessorImpl.invoke0(Native Method)
	at sun.reflect.NativeMethodAccessorImpl.invoke(Unknown Source)
	at sun.reflect.DelegatingMethodAccessorImpl.invoke(Unknown Source)
	at java.lang.reflect.Method.invoke(Unknown Source)
	at org.testng.internal.MethodInvocationHelper.invokeMethod(MethodInvocationHelper.java:108)
	at org.testng.internal.Invoker.invokeMethod(Invoker.java:661)
	at org.testng.internal.Invoker.invokeTestMethod(Invoker.java:869)
	at org.testng.internal.Invoker.invokeTestMethods(Invoker.java:1193)
	at org.testng.internal.TestMethodWorker.invokeTestMethods(TestMethodWorker.java:126)
	at org.testng.internal.TestMethodWorker.run(TestMethodWorker.java:109)
	at org.testng.TestRunner.privateRun(TestRunner.java:744)
	at org.testng.TestRunner.run(TestRunner.java:602)
	at org.testng.SuiteRunner.runTest(SuiteRunner.java:380)
	at org.testng.SuiteRunner.runSequentially(SuiteRunner.java:375)
	at org.testng.SuiteRunner.privateRun(SuiteRunner.java:340)
	at org.testng.SuiteRunner.run(SuiteRunner.java:289)
	at org.testng.SuiteRunnerWorker.runSuite(SuiteRunnerWorker.java:52)
	at org.testng.SuiteRunnerWorker.run(SuiteRunnerWorker.java:86)
	at org.testng.TestNG.runSuitesSequentially(TestNG.java:1301)
	at org.testng.TestNG.runSuitesLocally(TestNG.java:1226)
	at org.testng.TestNG.runSuites(TestNG.java:1144)
	at org.testng.TestNG.run(TestNG.java:1115)
	at org.testng.remote.AbstractRemoteTestNG.run(AbstractRemoteTestNG.java:114)
	at org.testng.remote.RemoteTestNG.initAndRun(RemoteTestNG.java:251)
	at org.testng.remote.RemoteTestNG.main(RemoteTestNG.java:77)
Caused by: org.openqa.selenium.NoSuchElementException: Cannot locate an element using By.id: interstitialButton
For documentation on this error, please visit: http://seleniumhq.org/exceptions/no_such_element.html
Build info: version: &apos;3.12.0&apos;, revision: &apos;7c6e0b3&apos;, time: &apos;2018-05-08T14:04:26.12Z&apos;
System info: host: &apos;W2707941HFG8X&apos;, ip: &apos;192.168.128.2&apos;, os.name: &apos;Windows 10&apos;, os.arch: &apos;amd64&apos;, os.version: &apos;10.0&apos;, java.version: &apos;1.8.0_202&apos;
Driver info: driver.version: unknown
	at org.openqa.selenium.support.ui.ExpectedConditions.lambda$findElement$0(ExpectedConditions.java:896)
	at java.util.Optional.orElseThrow(Unknown Source)
	at org.openqa.selenium.support.ui.ExpectedConditions.findElement(ExpectedConditions.java:895)
	at org.openqa.selenium.support.ui.ExpectedConditions.access$000(ExpectedConditions.java:44)
	at org.openqa.selenium.support.ui.ExpectedConditions$7.apply(ExpectedConditions.java:206)
	at org.openqa.selenium.support.ui.ExpectedConditions$7.apply(ExpectedConditions.java:202)
	at org.openqa.selenium.support.ui.FluentWait.until(FluentWait.java:248)
	... 26 more
</pre></div></td>
<td>46</td>
<td>com.test.MiniBA.ExecutionSet_1@2b2948e2</td></tr>
</table><p>
<table width='100%' border='1' class='invocation-passed'>
<tr><td colspan='4' align='center'><b>PASSED TESTS</b></td></tr>
<tr><td><b>Test method</b></td>
<td width="30%"><b>Exception</b></td>
<td width="10%"><b>Time (seconds)</b></td>
<td><b>Instance</b></td>
</tr>
<tr>
<td title='com.test.MiniBA.ExecutionSet_1.A_Welcome()'><b>A_Welcome</b><br>Test class: com.test.MiniBA.ExecutionSet_1<br/>
<a href="#Output-1411543296" onClick='toggleBox("Output-1411543296", this, "Show output", "Hide output");'>Show output</a>

<a href="#Output-1411543296" onClick="toggleAllBoxes();">Show all outputs</a>
<div class='log' id="Output-1411543296">
---PIN: YQMT8T43VY6QK<br/>
---PSN: 6BKT4TFVFMMM<br/>
<img src="file://D:\Rajaprabu\eclipse-workspace\MiniBA\screenshots\Chrome_screenshot_20191106110231\1_WelcomePage.png" alt=""/><br/>
</div>
</td>
<td></td>
<td>19</td>
<td>com.test.MiniBA.ExecutionSet_1@2b2948e2</td></tr>
<tr>
<td title='com.test.MiniBA.ExecutionSet_1.C_DashBoard()'><b>C_DashBoard</b><br>Test class: com.test.MiniBA.ExecutionSet_1<br/>
<a href="#Output-889928215" onClick='toggleBox("Output-889928215", this, "Show output", "Hide output");'>Show output</a>

<a href="#Output-889928215" onClick="toggleAllBoxes();">Show all outputs</a>
<div class='log' id="Output-889928215">
DeviceSecurity<br/>
PasswordManager<br/>
<img src="file://D:\Rajaprabu\eclipse-workspace\MiniBA\screenshots\Chrome_screenshot_20191106110231\5_Dashboard.png" alt=""/><br/>
</div>
</td>
<td></td>
<td>5</td>
<td>com.test.MiniBA.ExecutionSet_1@2b2948e2</td></tr>
<tr>
<td title='com.test.MiniBA.ExecutionSet_1.D_Subscription()'><b>D_Subscription</b><br>Test class: com.test.MiniBA.ExecutionSet_1<br/>
<a href="#Output-766101" onClick='toggleBox("Output-766101", this, "Show output", "Hide output");'>Show output</a>

<a href="#Output-766101" onClick="toggleAllBoxes();">Show all outputs</a>
<div class='log' id="Output-766101">
Norton Security Online from EarthLink<br/>
<img src="file://D:\Rajaprabu\eclipse-workspace\MiniBA\screenshots\Chrome_screenshot_20191106110231\6_MySubscription.png" alt=""/><br/>
</div>
</td>
<td></td>
<td>16</td>
<td>com.test.MiniBA.ExecutionSet_1@2b2948e2</td></tr>
<tr>
<td title='com.test.MiniBA.ExecutionSet_1.E_SignOut()'><b>E_SignOut</b><br>Test class: com.test.MiniBA.ExecutionSet_1<br/>
<a href="#Output-1646234040" onClick='toggleBox("Output-1646234040", this, "Show output", "Hide output");'>Show output</a>

<a href="#Output-1646234040" onClick="toggleAllBoxes();">Show all outputs</a>
<div class='log' id="Output-1646234040">
<img src="file://D:\Rajaprabu\eclipse-workspace\MiniBA\screenshots\Chrome_screenshot_20191106110231\7_After_SignOut.png" alt=""/><br/>
</div>
</td>
<td></td>
<td>21</td>
<td>com.test.MiniBA.ExecutionSet_1@2b2948e2</td></tr>
</table><p>
</body>
</html>