<?xml version="1.0" encoding="UTF-8"?>
<!-- Generated by org.testng.reporters.JUnitXMLReporter -->
<testsuite hostname="W2707941HFG8X" ignored="0" name="Test" tests="5" failures="3" timestamp="25 Oct 2019 05:25:47 GMT" time="92.774" errors="0">
  <testcase name="A_Welcome" time="13.047" classname="com.test.MiniBA.ExecutionSet_1"/>
  <testcase name="B_PartnerSignInPage" time="14.908" classname="com.test.MiniBA.ExecutionSet_1"/>
  <testcase name="C_SignIn" time="21.769" classname="com.test.MiniBA.ExecutionSet_1">
    <failure type="java.lang.AssertionError" message="expected [Norton - My Subscription] but found [null]">
      <![CDATA[java.lang.AssertionError: expected [Norton - My Subscription] but found [null]
	at com.test.MiniBA.ExecutionSet_1.C_SignIn(ExecutionSet_1.java:123)
... Removed 31 stack frames]]>
    </failure>
  </testcase> <!-- C_SignIn -->
  <testcase name="D_MySubscription" time="10.025" classname="com.test.MiniBA.ExecutionSet_1">
    <failure type="org.openqa.selenium.NoSuchElementException" message="Unable to locate element: /html/body/div[2]/header/div[2]/ul/li[3]/a/span
For documentation on this error, please visit: http://seleniumhq.org/exceptions/no_such_element.html
Build info: version: &amp;apos;3.12.0&amp;apos;, revision: &amp;apos;7c6e0b3&amp;apos;, time: &amp;apos;2018-05-08T14:04:26.12Z&amp;apos;
System info: host: &amp;apos;W2707941HFG8X&amp;apos;, ip: &amp;apos;192.168.128.2&amp;apos;, os.name: &amp;apos;Windows 10&amp;apos;, os.arch: &amp;apos;amd64&amp;apos;, os.version: &amp;apos;10.0&amp;apos;, java.version: &amp;apos;1.8.0_202&amp;apos;
Driver info: org.openqa.selenium.firefox.FirefoxDriver
Capabilities {acceptInsecureCerts: true, browserName: firefox, browserVersion: 68.2.0, javascriptEnabled: true, moz:accessibilityChecks: false, moz:buildID: 20191016163237, moz:geckodriverVersion: 0.26.0, moz:headless: false, moz:processID: 88996, moz:profile: C:\Users\rajaprabu_r\AppDat..., moz:shutdownTimeout: 60000, moz:useNonSpecCompliantPointerOrigin: false, moz:webdriverClick: true, pageLoadStrategy: normal, platform: WINDOWS, platformName: WINDOWS, platformVersion: 10.0, rotatable: false, setWindowRect: true, strictFileInteractability: false, timeouts: {implicit: 0, pageLoad: 300000, script: 30000}, unhandledPromptBehavior: dismiss and notify}
Session ID: 504a8897-c67a-414f-b164-7e4d47c552dc
*** Element info: {Using=xpath, value=/html/body/div[2]/header/div[2]/ul/li[3]/a/span}">
      <![CDATA[org.openqa.selenium.NoSuchElementException: Unable to locate element: /html/body/div[2]/header/div[2]/ul/li[3]/a/span
For documentation on this error, please visit: http://seleniumhq.org/exceptions/no_such_element.html
Build info: version: '3.12.0', revision: '7c6e0b3', time: '2018-05-08T14:04:26.12Z'
System info: host: 'W2707941HFG8X', ip: '192.168.128.2', os.name: 'Windows 10', os.arch: 'amd64', os.version: '10.0', java.version: '1.8.0_202'
Driver info: org.openqa.selenium.firefox.FirefoxDriver
Capabilities {acceptInsecureCerts: true, browserName: firefox, browserVersion: 68.2.0, javascriptEnabled: true, moz:accessibilityChecks: false, moz:buildID: 20191016163237, moz:geckodriverVersion: 0.26.0, moz:headless: false, moz:processID: 88996, moz:profile: C:\Users\rajaprabu_r\AppDat..., moz:shutdownTimeout: 60000, moz:useNonSpecCompliantPointerOrigin: false, moz:webdriverClick: true, pageLoadStrategy: normal, platform: WINDOWS, platformName: WINDOWS, platformVersion: 10.0, rotatable: false, setWindowRect: true, strictFileInteractability: false, timeouts: {implicit: 0, pageLoad: 300000, script: 30000}, unhandledPromptBehavior: dismiss and notify}
Session ID: 504a8897-c67a-414f-b164-7e4d47c552dc
*** Element info: {Using=xpath, value=/html/body/div[2]/header/div[2]/ul/li[3]/a/span}
	at org.openqa.selenium.remote.http.W3CHttpResponseCodec.createException(W3CHttpResponseCodec.java:187)
	at org.openqa.selenium.remote.http.W3CHttpResponseCodec.decode(W3CHttpResponseCodec.java:122)
	at org.openqa.selenium.remote.http.W3CHttpResponseCodec.decode(W3CHttpResponseCodec.java:49)
	at org.openqa.selenium.remote.HttpCommandExecutor.execute(HttpCommandExecutor.java:158)
	at org.openqa.selenium.remote.service.DriverCommandExecutor.execute(DriverCommandExecutor.java:83)
	at org.openqa.selenium.remote.RemoteWebDriver.execute(RemoteWebDriver.java:543)
	at org.openqa.selenium.remote.RemoteWebDriver.findElement(RemoteWebDriver.java:317)
	at org.openqa.selenium.remote.RemoteWebDriver.findElementByXPath(RemoteWebDriver.java:419)
	at org.openqa.selenium.By$ByXPath.findElement(By.java:353)
	at org.openqa.selenium.remote.RemoteWebDriver.findElement(RemoteWebDriver.java:309)
	at com.test.MiniBA.ExecutionSet_1.D_MySubscription(ExecutionSet_1.java:128)
... Removed 29 stack frames]]>
    </failure>
  </testcase> <!-- D_MySubscription -->
  <testcase name="E_SignOut" time="10.014" classname="com.test.MiniBA.ExecutionSet_1">
    <failure type="org.openqa.selenium.NoSuchElementException" message="Unable to locate element: /html/body/div[2]/header/div[2]/ul/li[3]/a/span
For documentation on this error, please visit: http://seleniumhq.org/exceptions/no_such_element.html
Build info: version: &amp;apos;3.12.0&amp;apos;, revision: &amp;apos;7c6e0b3&amp;apos;, time: &amp;apos;2018-05-08T14:04:26.12Z&amp;apos;
System info: host: &amp;apos;W2707941HFG8X&amp;apos;, ip: &amp;apos;192.168.128.2&amp;apos;, os.name: &amp;apos;Windows 10&amp;apos;, os.arch: &amp;apos;amd64&amp;apos;, os.version: &amp;apos;10.0&amp;apos;, java.version: &amp;apos;1.8.0_202&amp;apos;
Driver info: org.openqa.selenium.firefox.FirefoxDriver
Capabilities {acceptInsecureCerts: true, browserName: firefox, browserVersion: 68.2.0, javascriptEnabled: true, moz:accessibilityChecks: false, moz:buildID: 20191016163237, moz:geckodriverVersion: 0.26.0, moz:headless: false, moz:processID: 88996, moz:profile: C:\Users\rajaprabu_r\AppDat..., moz:shutdownTimeout: 60000, moz:useNonSpecCompliantPointerOrigin: false, moz:webdriverClick: true, pageLoadStrategy: normal, platform: WINDOWS, platformName: WINDOWS, platformVersion: 10.0, rotatable: false, setWindowRect: true, strictFileInteractability: false, timeouts: {implicit: 0, pageLoad: 300000, script: 30000}, unhandledPromptBehavior: dismiss and notify}
Session ID: 504a8897-c67a-414f-b164-7e4d47c552dc
*** Element info: {Using=xpath, value=/html/body/div[2]/header/div[2]/ul/li[3]/a/span}">
      <![CDATA[org.openqa.selenium.NoSuchElementException: Unable to locate element: /html/body/div[2]/header/div[2]/ul/li[3]/a/span
For documentation on this error, please visit: http://seleniumhq.org/exceptions/no_such_element.html
Build info: version: '3.12.0', revision: '7c6e0b3', time: '2018-05-08T14:04:26.12Z'
System info: host: 'W2707941HFG8X', ip: '192.168.128.2', os.name: 'Windows 10', os.arch: 'amd64', os.version: '10.0', java.version: '1.8.0_202'
Driver info: org.openqa.selenium.firefox.FirefoxDriver
Capabilities {acceptInsecureCerts: true, browserName: firefox, browserVersion: 68.2.0, javascriptEnabled: true, moz:accessibilityChecks: false, moz:buildID: 20191016163237, moz:geckodriverVersion: 0.26.0, moz:headless: false, moz:processID: 88996, moz:profile: C:\Users\rajaprabu_r\AppDat..., moz:shutdownTimeout: 60000, moz:useNonSpecCompliantPointerOrigin: false, moz:webdriverClick: true, pageLoadStrategy: normal, platform: WINDOWS, platformName: WINDOWS, platformVersion: 10.0, rotatable: false, setWindowRect: true, strictFileInteractability: false, timeouts: {implicit: 0, pageLoad: 300000, script: 30000}, unhandledPromptBehavior: dismiss and notify}
Session ID: 504a8897-c67a-414f-b164-7e4d47c552dc
*** Element info: {Using=xpath, value=/html/body/div[2]/header/div[2]/ul/li[3]/a/span}
	at org.openqa.selenium.remote.http.W3CHttpResponseCodec.createException(W3CHttpResponseCodec.java:187)
	at org.openqa.selenium.remote.http.W3CHttpResponseCodec.decode(W3CHttpResponseCodec.java:122)
	at org.openqa.selenium.remote.http.W3CHttpResponseCodec.decode(W3CHttpResponseCodec.java:49)
	at org.openqa.selenium.remote.HttpCommandExecutor.execute(HttpCommandExecutor.java:158)
	at org.openqa.selenium.remote.service.DriverCommandExecutor.execute(DriverCommandExecutor.java:83)
	at org.openqa.selenium.remote.RemoteWebDriver.execute(RemoteWebDriver.java:543)
	at org.openqa.selenium.remote.RemoteWebDriver.findElement(RemoteWebDriver.java:317)
	at org.openqa.selenium.remote.RemoteWebDriver.findElementByXPath(RemoteWebDriver.java:419)
	at org.openqa.selenium.By$ByXPath.findElement(By.java:353)
	at org.openqa.selenium.remote.RemoteWebDriver.findElement(RemoteWebDriver.java:309)
	at com.test.MiniBA.ExecutionSet_1.E_SignOut(ExecutionSet_1.java:139)
... Removed 29 stack frames]]>
    </failure>
  </testcase> <!-- E_SignOut -->
</testsuite> <!-- Test -->
