<?xml version="1.0" encoding="UTF-8"?>
<!-- Generated by org.testng.reporters.JUnitXMLReporter -->
<testsuite hostname="W2707941HFG8X" ignored="1" name="Portal_LifeLock" tests="8" failures="1" timestamp="21 Jan 2020 10:39:27 GMT" time="322.565" errors="0">
  <testcase name="A_SignUpSignIn" time="23.27" classname="com.test.MiniBA.LifeLockServices"/>
  <testcase name="BA_DashBoard_Tiles" time="77.459" classname="com.test.MiniBA.LifeLockServices"/>
  <testcase name="CA_postEnrollment" time="68.389" classname="com.test.MiniBA.LifeLockServices"/>
  <testcase name="BH_Download" time="23.035" classname="com.test.MiniBA.LifeLockServices"/>
  <testcase name="CB_ID_Theft_Dashboard" time="41.831" classname="com.test.MiniBA.LifeLockServices"/>
  <testcase name="CC_CreditTile" time="6.973" classname="com.test.MiniBA.LifeLockServices"/>
  <testcase name="DWM" time="30.073" classname="com.test.MiniBA.LifeLockServices">
    <failure type="java.lang.AssertionError" message="org.openqa.selenium.NoSuchElementException: no such element: Unable to locate element: {&amp;quot;method&amp;quot;:&amp;quot;css selector&amp;quot;,&amp;quot;selector&amp;quot;:&amp;quot;#DarkWebMonitor_cta&amp;quot;}
  (Session info: chrome=78.0.3904.70)
For documentation on this error, please visit: http://seleniumhq.org/exceptions/no_such_element.html
Build info: version: &amp;apos;3.12.0&amp;apos;, revision: &amp;apos;7c6e0b3&amp;apos;, time: &amp;apos;2018-05-08T14:04:26.12Z&amp;apos;
System info: host: &amp;apos;W2707941HFG8X&amp;apos;, ip: &amp;apos;192.168.128.2&amp;apos;, os.name: &amp;apos;Windows 10&amp;apos;, os.arch: &amp;apos;amd64&amp;apos;, os.version: &amp;apos;10.0&amp;apos;, java.version: &amp;apos;1.8.0_202&amp;apos;
Driver info: org.openqa.selenium.chrome.ChromeDriver
Capabilities {acceptInsecureCerts: false, browserName: chrome, browserVersion: 78.0.3904.70, chrome: {chromedriverVersion: 78.0.3904.70 (edb9c9f3de024..., userDataDir: C:\Users\RAJAPR~1\AppData\L...}, goog:chromeOptions: {debuggerAddress: localhost:57740}, javascriptEnabled: true, networkConnectionEnabled: false, pageLoadStrategy: normal, platform: XP, platformName: XP, proxy: Proxy(), setWindowRect: true, strictFileInteractability: false, timeouts: {implicit: 0, pageLoad: 300000, script: 30000}, unhandledPromptBehavior: dismiss and notify}
Session ID: 7b202c88e6d1ddf945c4721d9ad03173
*** Element info: {Using=id, value=DarkWebMonitor_cta}">
      <![CDATA[java.lang.AssertionError: org.openqa.selenium.NoSuchElementException: no such element: Unable to locate element: {"method":"css selector","selector":"#DarkWebMonitor_cta"}
  (Session info: chrome=78.0.3904.70)
For documentation on this error, please visit: http://seleniumhq.org/exceptions/no_such_element.html
Build info: version: '3.12.0', revision: '7c6e0b3', time: '2018-05-08T14:04:26.12Z'
System info: host: 'W2707941HFG8X', ip: '192.168.128.2', os.name: 'Windows 10', os.arch: 'amd64', os.version: '10.0', java.version: '1.8.0_202'
Driver info: org.openqa.selenium.chrome.ChromeDriver
Capabilities {acceptInsecureCerts: false, browserName: chrome, browserVersion: 78.0.3904.70, chrome: {chromedriverVersion: 78.0.3904.70 (edb9c9f3de024..., userDataDir: C:\Users\RAJAPR~1\AppData\L...}, goog:chromeOptions: {debuggerAddress: localhost:57740}, javascriptEnabled: true, networkConnectionEnabled: false, pageLoadStrategy: normal, platform: XP, platformName: XP, proxy: Proxy(), setWindowRect: true, strictFileInteractability: false, timeouts: {implicit: 0, pageLoad: 300000, script: 30000}, unhandledPromptBehavior: dismiss and notify}
Session ID: 7b202c88e6d1ddf945c4721d9ad03173
*** Element info: {Using=id, value=DarkWebMonitor_cta}
	at com.test.MiniBA.LifeLockServices.DWM(LifeLockServices.java:606)
... Removed 26 stack frames]]>
    </failure>
  </testcase> <!-- DWM -->
  <testcase name="D_Subscription" time="45.217" classname="com.test.MiniBA.LifeLockServices"/>
  <testcase name="F_SignOut" time="0.0" classname="com.test.MiniBA.LifeLockServices">
    <ignored/>
  </testcase> <!-- F_SignOut -->
</testsuite> <!-- Portal_LifeLock -->
