<?xml version="1.0" encoding="UTF-8"?>
<!-- Generated by org.testng.reporters.JUnitReportReporter -->
<testsuite hostname="WA-D1HXVL3" failures="0" tests="3" name="com.test.MiniBA.SanityCheck" time="41.681" errors="1" timestamp="02 Feb 2023 11:38:00 GMT" skipped="0">
  <testcase classname="com.test.MiniBA.SanityCheck" name="closeBrowser" time="0.149">
    <error message="D:\Rajaprabu\eclipse-workspace\MiniBA\screenshots" type="java.nio.file.NoSuchFileException">
      <![CDATA[java.nio.file.NoSuchFileException: D:\Rajaprabu\eclipse-workspace\MiniBA\screenshots
	at java.base/sun.nio.fs.WindowsException.translateToIOException(WindowsException.java:85)
	at java.base/sun.nio.fs.WindowsException.rethrowAsIOException(WindowsException.java:103)
	at java.base/sun.nio.fs.WindowsException.rethrowAsIOException(WindowsException.java:108)
	at java.base/sun.nio.fs.WindowsFileCopy.copy(WindowsFileCopy.java:99)
	at java.base/sun.nio.fs.WindowsFileSystemProvider.copy(WindowsFileSystemProvider.java:284)
	at java.base/java.nio.file.Files.copy(Files.java:1304)
	at com.test.configurations.DirectoryCopyExample.copyFolder(DirectoryCopyExample.java:57)
	at com.test.configurations.DirectoryCopyExample.copyScreenshots(DirectoryCopyExample.java:23)
	at com.test.MiniBA.SanityCheck.closeBrowser(SanityCheck.java:928)
	at java.base/jdk.internal.reflect.DirectMethodHandleAccessor.invoke(DirectMethodHandleAccessor.java:104)
	at java.base/java.lang.reflect.Method.invoke(Method.java:578)
	at org.testng.internal.MethodInvocationHelper.invokeMethod(MethodInvocationHelper.java:108)
	at org.testng.internal.Invoker.invokeConfigurationMethod(Invoker.java:523)
	at org.testng.internal.Invoker.invokeConfigurations(Invoker.java:224)
	at org.testng.internal.Invoker.invokeConfigurations(Invoker.java:146)
	at org.testng.TestRunner.afterRun(TestRunner.java:958)
	at org.testng.TestRunner.run(TestRunner.java:606)
	at org.testng.SuiteRunner.runTest(SuiteRunner.java:380)
	at org.testng.SuiteRunner.runSequentially(SuiteRunner.java:375)
	at org.testng.SuiteRunner.privateRun(SuiteRunner.java:340)
	at org.testng.SuiteRunner.run(SuiteRunner.java:289)
	at org.testng.SuiteRunnerWorker.runSuite(SuiteRunnerWorker.java:52)
	at org.testng.SuiteRunnerWorker.run(SuiteRunnerWorker.java:86)
	at org.testng.TestNG.runSuitesSequentially(TestNG.java:1301)
	at org.testng.TestNG.runSuitesLocally(TestNG.java:1226)
	at org.testng.TestNG.runSuites(TestNG.java:1144)
	at org.testng.TestNG.run(TestNG.java:1115)
	at com.test.MiniBA.MainClass.main(MainClass.java:16)
]]>
    </error>
  </testcase> <!-- closeBrowser -->
  <testcase classname="com.test.MiniBA.SanityCheck" name="A_SignUpSignIn" time="33.839"/>
  <testcase classname="com.test.MiniBA.SanityCheck" name="BA_DashBoard_Tiles" time="7.693"/>
</testsuite> <!-- com.test.MiniBA.SanityCheck -->
